make all --print-data-base --no-builtin-variables --no-builtin-rules --question
# GNU Make 4.3
# Built for x86_64-pc-linux-gnu
# Copyright (C) 1988-2020 Free Software Foundation, Inc.
# License GPLv3+: GNU GPL version 3 or later <http://gnu.org/licenses/gpl.html>
# This is free software: you are free to change and redistribute it.
# There is NO WARRANTY, to the extent permitted by law.

# Make data base, printed on Fri Oct 21 13:16:27 2022

# Variables

# environment
LC_ALL = C
# environment
WSLENV = ELECTRON_RUN_AS_NODE/w:ELECTRON_RUN_AS_NODE/w:WT_SESSION::WT_PROFILE_ID
# environment
VSCODE_CWD = /mnt/c/Users/jorge.almeida/AppData/Local/Programs/Microsoft VS Code
# default
MAKE_COMMAND := make
# environment
VSCODE_HANDLES_SIGPIPE = true
# automatic
@D = $(patsubst %/,%,$(dir $@))
# environment
VSCODE_HANDLES_UNCAUGHT_ERRORS = true
# default
.VARIABLES := 
# environment
PWD = /home/jorge/42rio/mini-talk
# automatic
%D = $(patsubst %/,%,$(dir $%))
# environment
OLDPWD = /mnt/c/Users/jorge.almeida/AppData/Local/Programs/Microsoft VS Code
# automatic
^D = $(patsubst %/,%,$(dir $^))
# automatic
%F = $(notdir $%)
# environment
LANG = C
# default
.LOADED := 
# default
.INCLUDE_DIRS = /usr/include /usr/local/include /usr/include
# makefile
MAKEFLAGS = pqrR
# makefile
CURDIR := /home/jorge/42rio/mini-talk
# environment
APPLICATION_INSIGHTS_NO_DIAGNOSTIC_CHANNEL = 1
# automatic
*D = $(patsubst %/,%,$(dir $*))
# environment
MFLAGS = -pqrR
# default
.SHELLFLAGS := -c
# automatic
+D = $(patsubst %/,%,$(dir $+))
# environment
P9K_SSH = 0
# makefile (from 'Makefile', line 1)
MAKEFILE_LIST := Makefile
# automatic
@F = $(notdir $@)
# automatic
?D = $(patsubst %/,%,$(dir $?))
# environment
WT_PROFILE_ID = {a5a97cb8-8961-5535-816d-772efe0c6a3f}
# automatic
*F = $(notdir $*)
# automatic
<D = $(patsubst %/,%,$(dir $<))
# environment
P9K_TTY = old
# environment
VSCODE_NLS_CONFIG = {"locale":"en","availableLanguages":{}}
# default
MAKE_HOST := x86_64-pc-linux-gnu
# makefile
SHELL = /bin/sh
# default
MAKECMDGOALS := all
# environment
SHLVL = 3
 
# environment
MAKELEVEL := 0
# default
MAKE = $(MAKE_COMMAND)
# environment
PATH = /home/jorge/.asdf/shims:/opt/asdf-vm/bin:/home/jorge/.local/bin:/home/jorge/.cargo/bin:/usr/local/sbin:/usr/local/bin:/usr/sbin:/usr/bin:/sbin:/bin:/usr/games:/usr/local/games:/usr/lib/wsl/lib:/mnt/c/Python39/Scripts/:/mnt/c/Python39/:/mnt/c/windows/system32:/mnt/c/windows:/mnt/c/windows/System32/Wbem:/mnt/c/windows/System32/WindowsPowerShell/v1.0/:/mnt/c/windows/System32/OpenSSH/:/mnt/c/Program Files/TortoiseSVN/bin:/mnt/c/Program Files (x86)/Microsoft SQL Server/150/DTS/Binn/:/mnt/c/Program Files/Azure Data Studio/bin:/mnt/c/ProgramData/chocolatey/bin:/mnt/c/Program Files/Java/jdk1.8.0_151/bin:/mnt/c/Users/jorge.almeida/AppData/Roaming/nvm:/mnt/c/Program Files/nodejs:/mnt/c/Users/jorge.almeida/AppData/Local/Programs/Microsoft VS Code/bin:/mnt/c/MinGW/bin:/mnt/c/Users/jorge.almeida/AppData/Roaming/nvm:/mnt/c/Program Files/nodejs:/usr/bin/site_perl:/usr/bin/vendor_perl:/usr/bin/core_perl
# default
MAKEFILES := 
# automatic
^F = $(notdir $^)
# environment
WT_SESSION = 07be8dfa-de58-409c-808f-e22568bfb791
# automatic
?F = $(notdir $?)
# environment
NAME = Code
# environment
HOSTTYPE = x86_64
# automatic
+F = $(notdir $+)
# environment
WSL_INTEROP = /run/WSL/8_interop
# 'override' directive
GNUMAKEFLAGS := 
# environment
LOGNAME = jorge
# environment
VSCODE_WSL_EXT_LOCATION = /mnt/c/Users/jorge.almeida/.vscode/extensions/ms-vscode-remote.remote-wsl-0.72.0
# environment
ASDF_DIR = /opt/asdf-vm
# makefile
.DEFAULT_GOAL := CLIENT
# environment
DISPLAY = 172.23.144.1:0
# environment
USER = jorge
# default
MAKE_VERSION := 4.3
# environment
_ = /usr/sbin/make
# environment
VSCODE_IPC_HOOK_CLI = /tmp/vscode-ipc-684652a7-8873-4220-bd0d-ffd71ba74f6e.sock
# environment
VSCODE_AMD_ENTRYPOINT = vs/workbench/api/node/extensionHostProcess
# environment
HOME = /home/jorge
# environment
ELECTRON_RUN_AS_NODE = 1
# environment
TERM = xterm-256color
# default
.RECIPEPREFIX := 
# automatic
<F = $(notdir $<)
# default
SUFFIXES := 
# environment
_P9K_TTY = /dev/pts/0
# environment
WSL_DISTRO_NAME = Arch
# default
.FEATURES := target-specific order-only second-expansion else-if shortest-stem undefine oneshell nocomment grouped-target extra-prereqs archives jobserver output-sync check-symlink guile load
# variable set hash-table stats:
# Load=67/1024=7%, Rehash=0, Collisions=1/108=1%

# Pattern-specific Variable Values

# No pattern-specific variable values.

# Directories

# . (device 2064, inode 87965): 11 files, no impossibilities.

# 11 files, no impossibilities in 1 directories.

# Implicit Rules

# No implicit rules.

# Files

SERVER: server
#  Implicit rule search has not been done.
#  Modification time never checked.
#  File has not been updated.

# Not a target:
client:
#  Implicit rule search has not been done.
#  Modification time never checked.
#  File has not been updated.

# Not a target:
Makefile:
#  Implicit rule search has been done.
#  Last modified 2022-10-21 13:16:13.124195383
#  File has been updated.
#  Successfully updated.

# Not a target:
-Wall:
#  Implicit rule search has not been done.
#  Modification time never checked.
#  File has not been updated.

clean:
#  Phony target (prerequisite of .PHONY).
#  Implicit rule search has not been done.
#  File does not exist.
#  File has not been updated.
#  recipe to execute (from 'Makefile', line 19):
	rm server client

# Not a target:
server:
#  Implicit rule search has not been done.
#  Modification time never checked.
#  File has not been updated.

OUTPUT:
#  Implicit rule search has not been done.
#  Modification time never checked.
#  File has not been updated.

re: fclean all
#  Phony target (prerequisite of .PHONY).
#  Implicit rule search has not been done.
#  File does not exist.
#  File has not been updated.

# Not a target:
.DEFAULT:
#  Implicit rule search has not been done.
#  Modification time never checked.
#  File has not been updated.

all:
#  Phony target (prerequisite of .PHONY).
#  Command line target.
#  Implicit rule search has not been done.
#  Implicit/static pattern stem: ''
#  File does not exist.
#  File has been updated.
#  Needs to be updated (-q is set).
# automatic
# @ := all
# automatic
# * := 
# automatic
# < := 
# automatic
# + := 
# automatic
# % := 
# automatic
# ^ := 
# automatic
# ? := 
# automatic
# | := 
# variable set hash-table stats:
# Load=8/32=25%, Rehash=0, Collisions=3/15=20%
#  recipe to execute (from 'Makefile', line 13):
	${CC} ${CFLAGS} -o server server.c; ${CC} ${CFLAGS} -o client client.c; ./server

fclean:
#  Phony target (prerequisite of .PHONY).
#  Implicit rule search has not been done.
#  File does not exist.
#  File has not been updated.
#  recipe to execute (from 'Makefile', line 22):
	rm -f server client

# Not a target:
gcc:
#  Implicit rule search has not been done.
#  Modification time never checked.
#  File has not been updated.

# Not a target:
-Werror:
#  Implicit rule search has not been done.
#  Modification time never checked.
#  File has not been updated.

CFLAGS: -Wall -Wextra -Werror
#  Implicit rule search has not been done.
#  Modification time never checked.
#  File has not been updated.

Code:
#  Implicit rule search has not been done.
#  Modification time never checked.
#  File has not been updated.
#  recipe to execute (from 'Makefile', line 16):
	cc -Wall -Wextra -Werror -o $(NAME) $(NAME).c

CC: gcc
#  Implicit rule search has not been done.
#  Modification time never checked.
#  File has not been updated.

# Not a target:
-Wextra:
#  Implicit rule search has not been done.
#  Modification time never checked.
#  File has not been updated.

CLIENT: client
#  Implicit rule search has not been done.
#  Modification time never checked.
#  File has not been updated.

# Not a target:
.SUFFIXES:
#  Implicit rule search has not been done.
#  Modification time never checked.
#  File has not been updated.

.PHONY: all clean fclean re
#  Implicit rule search has not been done.
#  Modification time never checked.
#  File has not been updated.

# files hash-table stats:
# Load=20/1024=2%, Rehash=0, Collisions=0/44=0%
# VPATH Search Paths

# No 'vpath' search paths.

# No general ('VPATH' variable) search path.

# strcache buffers: 1 (0) / strings = 30 / storage = 216 B / avg = 7 B
# current buf: size = 8162 B / used = 216 B / count = 30 / avg = 7 B

# strcache performance: lookups = 55 / hit rate = 45%
# hash-table stats:
# Load=30/8192=0%, Rehash=0, Collisions=0/55=0%
# Finished Make data base on Fri Oct 21 13:16:27 2022

 
